[INFO] [2016-09-18 17:11:22][org.springframework.web.context.ContextLoader]Root WebApplicationContext: initialization started
  [INFO] [2016-09-18 17:11:22][org.springframework.web.context.support.XmlWebApplicationContext]Refreshing Root WebApplicationContext: startup date [Sun Sep 18 17:11:22 CST 2016]; root of context hierarchy
  [INFO] [2016-09-18 17:11:23][org.springframework.beans.factory.xml.XmlBeanDefinitionReader]Loading XML bean definitions from class path resource [spring-mybatis.xml]
  [INFO] [2016-09-18 17:11:23][org.springframework.beans.factory.xml.XmlBeanDefinitionReader]Loading XML bean definitions from file [/home/serryu/git/mycloudregister/target/classes/consume/usermanage.xml]
  [INFO] [2016-09-18 17:11:23][org.springframework.beans.factory.xml.XmlBeanDefinitionReader]Loading XML bean definitions from file [/home/serryu/git/mycloudregister/target/classes/consume/classmanage.xml]
  [INFO] [2016-09-18 17:11:23][org.springframework.beans.factory.xml.XmlBeanDefinitionReader]Loading XML bean definitions from file [/home/serryu/git/mycloudregister/target/classes/consume/vmmanage.xml]
  [WARN] [2016-09-18 17:11:23][org.mybatis.spring.mapper.ClassPathMapperScanner]No MyBatis mapper was found in '[org.dlut.mycloudregister.dal.mapper]' package. Please check your configuration.
  [INFO] [2016-09-18 17:11:23][org.springframework.beans.factory.config.PropertyPlaceholderConfigurer]Loading properties file from class path resource [jdbc.properties]
  [INFO] [2016-09-18 17:11:23][org.springframework.beans.factory.config.PropertyPlaceholderConfigurer]Loading properties file from class path resource [remote_service_config.properties]
  [INFO] [2016-09-18 17:11:23][org.springframework.beans.factory.annotation.AutowiredAnnotationBeanPostProcessor]JSR-330 'javax.inject.Inject' annotation found and supported for autowiring
  [ERROR] [2016-09-18 17:11:23][org.springframework.web.context.ContextLoader]Context initialization failed
  org.springframework.beans.factory.BeanCreationException: Error creating bean with name 'sqlSessionFactory' defined in class path resource [spring-mybatis.xml]: Initialization of bean failed; nested exception is org.springframework.beans.TypeMismatchException: Failed to convert property value of type 'java.lang.String' to required type 'org.springframework.core.io.Resource[]' for property 'mapperLocations'; nested exception is java.lang.IllegalArgumentException: Could not resolve resource location pattern [classpath:org/dlut/mycloudregister/dal/mapper/*.xml]: class path resource [org/dlut/mycloudregister/dal/mapper/] cannot be resolved to URL because it does not exist
	at org.springframework.beans.factory.support.AbstractAutowireCapableBeanFactory.doCreateBean(AbstractAutowireCapableBeanFactory.java:547)
	at org.springframework.beans.factory.support.AbstractAutowireCapableBeanFactory.createBean(AbstractAutowireCapableBeanFactory.java:475)
	at org.springframework.beans.factory.support.AbstractBeanFactory$1.getObject(AbstractBeanFactory.java:304)
	at org.springframework.beans.factory.support.DefaultSingletonBeanRegistry.getSingleton(DefaultSingletonBeanRegistry.java:228)
	at org.springframework.beans.factory.support.AbstractBeanFactory.doGetBean(AbstractBeanFactory.java:300)
	at org.springframework.beans.factory.support.AbstractBeanFactory.getBean(AbstractBeanFactory.java:195)
	at org.springframework.beans.factory.support.DefaultListableBeanFactory.preInstantiateSingletons(DefaultListableBeanFactory.java:681)
	at org.springframework.context.support.AbstractApplicationContext.finishBeanFactoryInitialization(AbstractApplicationContext.java:760)
	at org.springframework.context.support.AbstractApplicationContext.refresh(AbstractApplicationContext.java:482)
	at org.springframework.web.context.ContextLoader.configureAndRefreshWebApplicationContext(ContextLoader.java:403)
	at org.springframework.web.context.ContextLoader.initWebApplicationContext(ContextLoader.java:306)
	at org.springframework.web.context.ContextLoaderListener.contextInitialized(ContextLoaderListener.java:106)
	at org.mortbay.jetty.handler.ContextHandler.startContext(ContextHandler.java:549)
	at org.mortbay.jetty.servlet.Context.startContext(Context.java:136)
	at org.mortbay.jetty.webapp.WebAppContext.startContext(WebAppContext.java:1282)
	at org.mortbay.jetty.handler.ContextHandler.doStart(ContextHandler.java:518)
	at org.mortbay.jetty.webapp.WebAppContext.doStart(WebAppContext.java:499)
	at org.mortbay.component.AbstractLifeCycle.start(AbstractLifeCycle.java:50)
	at org.mortbay.jetty.handler.HandlerWrapper.doStart(HandlerWrapper.java:130)
	at org.mortbay.jetty.Server.doStart(Server.java:224)
	at org.mortbay.component.AbstractLifeCycle.start(AbstractLifeCycle.java:50)
	at runjettyrun.Bootstrap.main(Bootstrap.java:97)
Caused by: org.springframework.beans.TypeMismatchException: Failed to convert property value of type 'java.lang.String' to required type 'org.springframework.core.io.Resource[]' for property 'mapperLocations'; nested exception is java.lang.IllegalArgumentException: Could not resolve resource location pattern [classpath:org/dlut/mycloudregister/dal/mapper/*.xml]: class path resource [org/dlut/mycloudregister/dal/mapper/] cannot be resolved to URL because it does not exist
	at org.springframework.beans.BeanWrapperImpl.convertIfNecessary(BeanWrapperImpl.java:479)
	at org.springframework.beans.BeanWrapperImpl.convertForProperty(BeanWrapperImpl.java:511)
	at org.springframework.beans.BeanWrapperImpl.convertForProperty(BeanWrapperImpl.java:505)
	at org.springframework.beans.factory.support.AbstractAutowireCapableBeanFactory.convertForProperty(AbstractAutowireCapableBeanFactory.java:1502)
	at org.springframework.beans.factory.support.AbstractAutowireCapableBeanFactory.applyPropertyValues(AbstractAutowireCapableBeanFactory.java:1461)
	at org.springframework.beans.factory.support.AbstractAutowireCapableBeanFactory.populateBean(AbstractAutowireCapableBeanFactory.java:1197)
	at org.springframework.beans.factory.support.AbstractAutowireCapableBeanFactory.doCreateBean(AbstractAutowireCapableBeanFactory.java:537)
	... 21 more
Caused by: java.lang.IllegalArgumentException: Could not resolve resource location pattern [classpath:org/dlut/mycloudregister/dal/mapper/*.xml]: class path resource [org/dlut/mycloudregister/dal/mapper/] cannot be resolved to URL because it does not exist
	at org.springframework.core.io.support.ResourceArrayPropertyEditor.setAsText(ResourceArrayPropertyEditor.java:140)
	at org.springframework.beans.TypeConverterDelegate.doConvertTextValue(TypeConverterDelegate.java:430)
	at org.springframework.beans.TypeConverterDelegate.doConvertValue(TypeConverterDelegate.java:403)
	at org.springframework.beans.TypeConverterDelegate.convertIfNecessary(TypeConverterDelegate.java:181)
	at org.springframework.beans.BeanWrapperImpl.convertIfNecessary(BeanWrapperImpl.java:459)
	... 27 more
[INFO] [2016-09-18 17:13:00][org.springframework.web.context.ContextLoader]Root WebApplicationContext: initialization started
  [INFO] [2016-09-18 17:13:00][org.springframework.web.context.support.XmlWebApplicationContext]Refreshing Root WebApplicationContext: startup date [Sun Sep 18 17:13:00 CST 2016]; root of context hierarchy
  [INFO] [2016-09-18 17:13:00][org.springframework.beans.factory.xml.XmlBeanDefinitionReader]Loading XML bean definitions from class path resource [spring-mybatis.xml]
  [INFO] [2016-09-18 17:13:01][org.springframework.beans.factory.xml.XmlBeanDefinitionReader]Loading XML bean definitions from file [/home/serryu/git/mycloudregister/target/classes/consume/usermanage.xml]
  [INFO] [2016-09-18 17:13:01][org.springframework.beans.factory.xml.XmlBeanDefinitionReader]Loading XML bean definitions from file [/home/serryu/git/mycloudregister/target/classes/consume/classmanage.xml]
  [INFO] [2016-09-18 17:13:01][org.springframework.beans.factory.xml.XmlBeanDefinitionReader]Loading XML bean definitions from file [/home/serryu/git/mycloudregister/target/classes/consume/vmmanage.xml]
  [INFO] [2016-09-18 17:13:01][org.springframework.beans.factory.config.PropertyPlaceholderConfigurer]Loading properties file from class path resource [jdbc.properties]
  [INFO] [2016-09-18 17:13:01][org.springframework.beans.factory.config.PropertyPlaceholderConfigurer]Loading properties file from class path resource [remote_service_config.properties]
  [INFO] [2016-09-18 17:13:01][org.springframework.beans.factory.annotation.AutowiredAnnotationBeanPostProcessor]JSR-330 'javax.inject.Inject' annotation found and supported for autowiring
  [INFO] [2016-09-18 17:13:01][org.springframework.web.context.ContextLoader]Root WebApplicationContext: initialization completed in 1470 ms
  [INFO] [2016-09-18 17:13:02][org.springframework.web.servlet.DispatcherServlet]FrameworkServlet 'SpringMVC': initialization started
  [INFO] [2016-09-18 17:13:02][org.springframework.web.context.support.XmlWebApplicationContext]Refreshing WebApplicationContext for namespace 'SpringMVC-servlet': startup date [Sun Sep 18 17:13:02 CST 2016]; parent: Root WebApplicationContext
  [INFO] [2016-09-18 17:13:02][org.springframework.beans.factory.xml.XmlBeanDefinitionReader]Loading XML bean definitions from class path resource [spring-mvc.xml]
  [INFO] [2016-09-18 17:13:02][org.springframework.beans.factory.annotation.AutowiredAnnotationBeanPostProcessor]JSR-330 'javax.inject.Inject' annotation found and supported for autowiring
  [INFO] [2016-09-18 17:13:02][org.springframework.web.servlet.view.velocity.VelocityConfigurer]ClasspathResourceLoader with name 'springMacro' added to configured VelocityEngine
  [INFO] [2016-09-18 17:13:02][org.springframework.web.servlet.mvc.annotation.DefaultAnnotationHandlerMapping]Mapped URL path [/register] onto handler 'registerUserController'
  [INFO] [2016-09-18 17:13:02][org.springframework.web.servlet.mvc.annotation.DefaultAnnotationHandlerMapping]Mapped URL path [/register.*] onto handler 'registerUserController'
  [INFO] [2016-09-18 17:13:02][org.springframework.web.servlet.mvc.annotation.DefaultAnnotationHandlerMapping]Mapped URL path [/register/] onto handler 'registerUserController'
  [INFO] [2016-09-18 17:13:02][org.springframework.web.servlet.DispatcherServlet]FrameworkServlet 'SpringMVC': initialization completed in 949 ms
  [INFO] [2016-09-18 18:30:08][org.springframework.web.context.ContextLoader]Root WebApplicationContext: initialization started
  [INFO] [2016-09-18 18:30:08][org.springframework.web.context.support.XmlWebApplicationContext]Refreshing Root WebApplicationContext: startup date [Sun Sep 18 18:30:08 CST 2016]; root of context hierarchy
  [INFO] [2016-09-18 18:30:08][org.springframework.beans.factory.xml.XmlBeanDefinitionReader]Loading XML bean definitions from class path resource [spring-mybatis.xml]
  [INFO] [2016-09-18 18:30:08][org.springframework.beans.factory.xml.XmlBeanDefinitionReader]Loading XML bean definitions from file [/home/serryu/git/mycloudregister/target/classes/consume/usermanage.xml]
  [INFO] [2016-09-18 18:30:08][org.springframework.beans.factory.xml.XmlBeanDefinitionReader]Loading XML bean definitions from file [/home/serryu/git/mycloudregister/target/classes/consume/classmanage.xml]
  [INFO] [2016-09-18 18:30:08][org.springframework.beans.factory.xml.XmlBeanDefinitionReader]Loading XML bean definitions from file [/home/serryu/git/mycloudregister/target/classes/consume/vmmanage.xml]
  [INFO] [2016-09-18 18:30:08][org.springframework.beans.factory.config.PropertyPlaceholderConfigurer]Loading properties file from class path resource [jdbc.properties]
  [INFO] [2016-09-18 18:30:08][org.springframework.beans.factory.config.PropertyPlaceholderConfigurer]Loading properties file from class path resource [remote_service_config.properties]
  [INFO] [2016-09-18 18:30:08][org.springframework.beans.factory.annotation.AutowiredAnnotationBeanPostProcessor]JSR-330 'javax.inject.Inject' annotation found and supported for autowiring
  [INFO] [2016-09-18 18:30:09][org.springframework.web.context.ContextLoader]Root WebApplicationContext: initialization completed in 1503 ms
  [INFO] [2016-09-18 18:30:09][org.springframework.web.servlet.DispatcherServlet]FrameworkServlet 'SpringMVC': initialization started
  [INFO] [2016-09-18 18:30:09][org.springframework.web.context.support.XmlWebApplicationContext]Refreshing WebApplicationContext for namespace 'SpringMVC-servlet': startup date [Sun Sep 18 18:30:09 CST 2016]; parent: Root WebApplicationContext
  [INFO] [2016-09-18 18:30:09][org.springframework.beans.factory.xml.XmlBeanDefinitionReader]Loading XML bean definitions from class path resource [spring-mvc.xml]
  [INFO] [2016-09-18 18:30:09][org.springframework.beans.factory.annotation.AutowiredAnnotationBeanPostProcessor]JSR-330 'javax.inject.Inject' annotation found and supported for autowiring
  [INFO] [2016-09-18 18:30:10][org.springframework.web.servlet.view.velocity.VelocityConfigurer]ClasspathResourceLoader with name 'springMacro' added to configured VelocityEngine
  [INFO] [2016-09-18 18:30:10][org.springframework.web.servlet.mvc.annotation.DefaultAnnotationHandlerMapping]Mapped URL path [/register] onto handler 'registerUserController'
  [INFO] [2016-09-18 18:30:10][org.springframework.web.servlet.mvc.annotation.DefaultAnnotationHandlerMapping]Mapped URL path [/register.*] onto handler 'registerUserController'
  [INFO] [2016-09-18 18:30:10][org.springframework.web.servlet.mvc.annotation.DefaultAnnotationHandlerMapping]Mapped URL path [/register/] onto handler 'registerUserController'
  [INFO] [2016-09-18 18:30:10][org.springframework.web.servlet.DispatcherServlet]FrameworkServlet 'SpringMVC': initialization completed in 985 ms
  [WARN] [2016-09-18 18:30:35][org.dlut.mycloudregister.biz.UserBiz]调用userManageService.getUserByAccount()出错
  [INFO] [2016-09-18 18:30:36][org.springframework.beans.factory.xml.XmlBeanDefinitionReader]Loading XML bean definitions from class path resource [org/springframework/jdbc/support/sql-error-codes.xml]
  [INFO] [2016-09-18 18:30:36][org.springframework.jdbc.support.SQLErrorCodesFactory]SQLErrorCodes loaded: [DB2, Derby, H2, HSQL, Informix, MS-SQL, MySQL, Oracle, PostgreSQL, Sybase]
  [INFO] [2016-09-18 18:42:11][org.springframework.web.context.ContextLoader]Root WebApplicationContext: initialization started
  [INFO] [2016-09-18 18:42:11][org.springframework.web.context.support.XmlWebApplicationContext]Refreshing Root WebApplicationContext: startup date [Sun Sep 18 18:42:11 CST 2016]; root of context hierarchy
  [INFO] [2016-09-18 18:42:11][org.springframework.beans.factory.xml.XmlBeanDefinitionReader]Loading XML bean definitions from class path resource [spring-mybatis.xml]
  [INFO] [2016-09-18 18:42:12][org.springframework.beans.factory.xml.XmlBeanDefinitionReader]Loading XML bean definitions from file [/home/serryu/git/mycloudregister/target/classes/consume/usermanage.xml]
  [INFO] [2016-09-18 18:42:12][org.springframework.beans.factory.xml.XmlBeanDefinitionReader]Loading XML bean definitions from file [/home/serryu/git/mycloudregister/target/classes/consume/classmanage.xml]
  [INFO] [2016-09-18 18:42:12][org.springframework.beans.factory.xml.XmlBeanDefinitionReader]Loading XML bean definitions from file [/home/serryu/git/mycloudregister/target/classes/consume/vmmanage.xml]
  [INFO] [2016-09-18 18:42:12][org.springframework.beans.factory.config.PropertyPlaceholderConfigurer]Loading properties file from class path resource [jdbc.properties]
  [INFO] [2016-09-18 18:42:12][org.springframework.beans.factory.config.PropertyPlaceholderConfigurer]Loading properties file from class path resource [remote_service_config.properties]
  [INFO] [2016-09-18 18:42:12][org.springframework.beans.factory.annotation.AutowiredAnnotationBeanPostProcessor]JSR-330 'javax.inject.Inject' annotation found and supported for autowiring
  [INFO] [2016-09-18 18:42:13][org.springframework.web.context.ContextLoader]Root WebApplicationContext: initialization completed in 1476 ms
  [INFO] [2016-09-18 18:42:13][org.springframework.web.servlet.DispatcherServlet]FrameworkServlet 'SpringMVC': initialization started
  [INFO] [2016-09-18 18:42:13][org.springframework.web.context.support.XmlWebApplicationContext]Refreshing WebApplicationContext for namespace 'SpringMVC-servlet': startup date [Sun Sep 18 18:42:13 CST 2016]; parent: Root WebApplicationContext
  [INFO] [2016-09-18 18:42:13][org.springframework.beans.factory.xml.XmlBeanDefinitionReader]Loading XML bean definitions from class path resource [spring-mvc.xml]
  [INFO] [2016-09-18 18:42:13][org.springframework.beans.factory.annotation.AutowiredAnnotationBeanPostProcessor]JSR-330 'javax.inject.Inject' annotation found and supported for autowiring
  [INFO] [2016-09-18 18:42:13][org.springframework.web.servlet.view.velocity.VelocityConfigurer]ClasspathResourceLoader with name 'springMacro' added to configured VelocityEngine
  [INFO] [2016-09-18 18:42:14][org.springframework.web.servlet.mvc.annotation.DefaultAnnotationHandlerMapping]Mapped URL path [/register] onto handler 'registerUserController'
  [INFO] [2016-09-18 18:42:14][org.springframework.web.servlet.mvc.annotation.DefaultAnnotationHandlerMapping]Mapped URL path [/register.*] onto handler 'registerUserController'
  [INFO] [2016-09-18 18:42:14][org.springframework.web.servlet.mvc.annotation.DefaultAnnotationHandlerMapping]Mapped URL path [/register/] onto handler 'registerUserController'
  [INFO] [2016-09-18 18:42:14][org.springframework.web.servlet.DispatcherServlet]FrameworkServlet 'SpringMVC': initialization completed in 990 ms
  [WARN] [2016-09-18 18:42:24][org.dlut.mycloudregister.biz.UserBiz]调用userManageService.getUserByAccount()出错
  [INFO] [2016-09-18 18:42:24][org.springframework.beans.factory.xml.XmlBeanDefinitionReader]Loading XML bean definitions from class path resource [org/springframework/jdbc/support/sql-error-codes.xml]
  [INFO] [2016-09-18 18:42:24][org.springframework.jdbc.support.SQLErrorCodesFactory]SQLErrorCodes loaded: [DB2, Derby, H2, HSQL, Informix, MS-SQL, MySQL, Oracle, PostgreSQL, Sybase]
  [WARN] [2016-09-18 18:52:31][org.dlut.mycloudregister.biz.UserBiz]调用userManageService.getUserByAccount()出错
  [WARN] [2016-09-18 18:53:49][org.dlut.mycloudregister.biz.UserBiz]调用userManageService.getUserByAccount()出错
  [INFO] [2016-09-18 19:00:17][org.springframework.web.context.ContextLoader]Root WebApplicationContext: initialization started
  [INFO] [2016-09-18 19:00:18][org.springframework.web.context.support.XmlWebApplicationContext]Refreshing Root WebApplicationContext: startup date [Sun Sep 18 19:00:18 CST 2016]; root of context hierarchy
  [INFO] [2016-09-18 19:00:18][org.springframework.beans.factory.xml.XmlBeanDefinitionReader]Loading XML bean definitions from class path resource [spring-mybatis.xml]
  [INFO] [2016-09-18 19:00:18][org.springframework.beans.factory.xml.XmlBeanDefinitionReader]Loading XML bean definitions from file [/home/serryu/git/mycloudregister/target/classes/consume/usermanage.xml]
  [INFO] [2016-09-18 19:00:18][org.springframework.beans.factory.xml.XmlBeanDefinitionReader]Loading XML bean definitions from file [/home/serryu/git/mycloudregister/target/classes/consume/classmanage.xml]
  [INFO] [2016-09-18 19:00:18][org.springframework.beans.factory.xml.XmlBeanDefinitionReader]Loading XML bean definitions from file [/home/serryu/git/mycloudregister/target/classes/consume/vmmanage.xml]
  [INFO] [2016-09-18 19:00:18][org.springframework.beans.factory.config.PropertyPlaceholderConfigurer]Loading properties file from class path resource [jdbc.properties]
  [INFO] [2016-09-18 19:00:18][org.springframework.beans.factory.config.PropertyPlaceholderConfigurer]Loading properties file from class path resource [remote_service_config.properties]
  [INFO] [2016-09-18 19:00:18][org.springframework.beans.factory.annotation.AutowiredAnnotationBeanPostProcessor]JSR-330 'javax.inject.Inject' annotation found and supported for autowiring
  [INFO] [2016-09-18 19:00:19][org.springframework.web.context.ContextLoader]Root WebApplicationContext: initialization completed in 1547 ms
  [INFO] [2016-09-18 19:00:19][org.springframework.web.servlet.DispatcherServlet]FrameworkServlet 'SpringMVC': initialization started
  [INFO] [2016-09-18 19:00:19][org.springframework.web.context.support.XmlWebApplicationContext]Refreshing WebApplicationContext for namespace 'SpringMVC-servlet': startup date [Sun Sep 18 19:00:19 CST 2016]; parent: Root WebApplicationContext
  [INFO] [2016-09-18 19:00:19][org.springframework.beans.factory.xml.XmlBeanDefinitionReader]Loading XML bean definitions from class path resource [spring-mvc.xml]
  [INFO] [2016-09-18 19:00:19][org.springframework.beans.factory.annotation.AutowiredAnnotationBeanPostProcessor]JSR-330 'javax.inject.Inject' annotation found and supported for autowiring
  [INFO] [2016-09-18 19:00:20][org.springframework.web.servlet.view.velocity.VelocityConfigurer]ClasspathResourceLoader with name 'springMacro' added to configured VelocityEngine
  [INFO] [2016-09-18 19:00:20][org.springframework.web.servlet.mvc.annotation.DefaultAnnotationHandlerMapping]Mapped URL path [/register] onto handler 'registerUserController'
  [INFO] [2016-09-18 19:00:20][org.springframework.web.servlet.mvc.annotation.DefaultAnnotationHandlerMapping]Mapped URL path [/register.*] onto handler 'registerUserController'
  [INFO] [2016-09-18 19:00:20][org.springframework.web.servlet.mvc.annotation.DefaultAnnotationHandlerMapping]Mapped URL path [/register/] onto handler 'registerUserController'
  [INFO] [2016-09-18 19:00:20][org.springframework.web.servlet.DispatcherServlet]FrameworkServlet 'SpringMVC': initialization completed in 983 ms
  [WARN] [2016-09-18 19:01:11][org.dlut.mycloudregister.biz.UserBiz]调用userManageService.getUserByAccount()出错
  [INFO] [2016-09-18 19:01:12][org.springframework.beans.factory.xml.XmlBeanDefinitionReader]Loading XML bean definitions from class path resource [org/springframework/jdbc/support/sql-error-codes.xml]
  [INFO] [2016-09-18 19:01:12][org.springframework.jdbc.support.SQLErrorCodesFactory]SQLErrorCodes loaded: [DB2, Derby, H2, HSQL, Informix, MS-SQL, MySQL, Oracle, PostgreSQL, Sybase]
  [WARN] [2016-09-18 19:01:47][org.dlut.mycloudregister.biz.UserBiz]调用userManageService.getUserByAccount()出错
  [INFO] [2016-09-18 19:01:48][org.dlut.mycloudregister.controller.RegisterUserController]创建学生用户zhangsanzhangsan成功
  [INFO] [2016-09-18 19:01:48][org.dlut.mycloudregister.controller.RegisterUserController]添加学生zhangsan--zhangsan到课程《register》成功
  [WARN] [2016-09-18 19:04:16][org.dlut.mycloudregister.biz.UserBiz]调用userManageService.getUserByAccount()出错
  [INFO] [2016-09-18 19:12:07][org.springframework.web.context.ContextLoader]Root WebApplicationContext: initialization started
  [INFO] [2016-09-18 19:12:07][org.springframework.web.context.support.XmlWebApplicationContext]Refreshing Root WebApplicationContext: startup date [Sun Sep 18 19:12:07 CST 2016]; root of context hierarchy
  [INFO] [2016-09-18 19:12:07][org.springframework.beans.factory.xml.XmlBeanDefinitionReader]Loading XML bean definitions from class path resource [spring-mybatis.xml]
  [INFO] [2016-09-18 19:12:07][org.springframework.beans.factory.xml.XmlBeanDefinitionReader]Loading XML bean definitions from file [/home/serryu/git/mycloudregister/target/classes/consume/usermanage.xml]
  [INFO] [2016-09-18 19:12:07][org.springframework.beans.factory.xml.XmlBeanDefinitionReader]Loading XML bean definitions from file [/home/serryu/git/mycloudregister/target/classes/consume/classmanage.xml]
  [INFO] [2016-09-18 19:12:07][org.springframework.beans.factory.xml.XmlBeanDefinitionReader]Loading XML bean definitions from file [/home/serryu/git/mycloudregister/target/classes/consume/vmmanage.xml]
  [INFO] [2016-09-18 19:12:08][org.springframework.beans.factory.config.PropertyPlaceholderConfigurer]Loading properties file from class path resource [jdbc.properties]
  [INFO] [2016-09-18 19:12:08][org.springframework.beans.factory.config.PropertyPlaceholderConfigurer]Loading properties file from class path resource [remote_service_config.properties]
  [INFO] [2016-09-18 19:12:08][org.springframework.beans.factory.annotation.AutowiredAnnotationBeanPostProcessor]JSR-330 'javax.inject.Inject' annotation found and supported for autowiring
  [INFO] [2016-09-18 19:12:08][org.springframework.web.context.ContextLoader]Root WebApplicationContext: initialization completed in 1590 ms
  [INFO] [2016-09-18 19:12:08][org.springframework.web.servlet.DispatcherServlet]FrameworkServlet 'SpringMVC': initialization started
  [INFO] [2016-09-18 19:12:08][org.springframework.web.context.support.XmlWebApplicationContext]Refreshing WebApplicationContext for namespace 'SpringMVC-servlet': startup date [Sun Sep 18 19:12:08 CST 2016]; parent: Root WebApplicationContext
  [INFO] [2016-09-18 19:12:08][org.springframework.beans.factory.xml.XmlBeanDefinitionReader]Loading XML bean definitions from class path resource [spring-mvc.xml]
  [ERROR] [2016-09-18 19:12:09][org.springframework.web.servlet.DispatcherServlet]Context initialization failed
  org.springframework.beans.factory.xml.XmlBeanDefinitionStoreException: Line 59 in XML document from class path resource [spring-mvc.xml] is invalid; nested exception is org.xml.sax.SAXParseException; lineNumber: 59; columnNumber: 10; cvc-complex-type.2.4.a: Invalid content was found starting with element 'filter'. One of '{"http://www.springframework.org/schema/beans":import, "http://www.springframework.org/schema/beans":alias, "http://www.springframework.org/schema/beans":bean, WC[##other:"http://www.springframework.org/schema/beans"], "http://www.springframework.org/schema/beans":beans}' is expected.
	at org.springframework.beans.factory.xml.XmlBeanDefinitionReader.doLoadBeanDefinitions(XmlBeanDefinitionReader.java:398)
	at org.springframework.beans.factory.xml.XmlBeanDefinitionReader.loadBeanDefinitions(XmlBeanDefinitionReader.java:335)
	at org.springframework.beans.factory.xml.XmlBeanDefinitionReader.loadBeanDefinitions(XmlBeanDefinitionReader.java:303)
	at org.springframework.beans.factory.support.AbstractBeanDefinitionReader.loadBeanDefinitions(AbstractBeanDefinitionReader.java:180)
	at org.springframework.beans.factory.support.AbstractBeanDefinitionReader.loadBeanDefinitions(AbstractBeanDefinitionReader.java:216)
	at org.springframework.beans.factory.support.AbstractBeanDefinitionReader.loadBeanDefinitions(AbstractBeanDefinitionReader.java:187)
	at org.springframework.web.context.support.XmlWebApplicationContext.loadBeanDefinitions(XmlWebApplicationContext.java:125)
	at org.springframework.web.context.support.XmlWebApplicationContext.loadBeanDefinitions(XmlWebApplicationContext.java:94)
	at org.springframework.context.support.AbstractRefreshableApplicationContext.refreshBeanFactory(AbstractRefreshableApplicationContext.java:129)
	at org.springframework.context.support.AbstractApplicationContext.obtainFreshBeanFactory(AbstractApplicationContext.java:540)
	at org.springframework.context.support.AbstractApplicationContext.refresh(AbstractApplicationContext.java:454)
	at org.springframework.web.servlet.FrameworkServlet.configureAndRefreshWebApplicationContext(FrameworkServlet.java:658)
	at org.springframework.web.servlet.FrameworkServlet.createWebApplicationContext(FrameworkServlet.java:624)
	at org.springframework.web.servlet.FrameworkServlet.createWebApplicationContext(FrameworkServlet.java:672)
	at org.springframework.web.servlet.FrameworkServlet.initWebApplicationContext(FrameworkServlet.java:543)
	at org.springframework.web.servlet.FrameworkServlet.initServletBean(FrameworkServlet.java:484)
	at org.springframework.web.servlet.HttpServletBean.init(HttpServletBean.java:136)
	at javax.servlet.GenericServlet.init(GenericServlet.java:241)
	at org.mortbay.jetty.servlet.ServletHolder.initServlet(ServletHolder.java:440)
	at org.mortbay.jetty.servlet.ServletHolder.doStart(ServletHolder.java:263)
	at org.mortbay.component.AbstractLifeCycle.start(AbstractLifeCycle.java:50)
	at org.mortbay.jetty.servlet.ServletHandler.initialize(ServletHandler.java:736)
	at org.mortbay.jetty.servlet.Context.startContext(Context.java:140)
	at org.mortbay.jetty.webapp.WebAppContext.startContext(WebAppContext.java:1282)
	at org.mortbay.jetty.handler.ContextHandler.doStart(ContextHandler.java:518)
	at org.mortbay.jetty.webapp.WebAppContext.doStart(WebAppContext.java:499)
	at org.mortbay.component.AbstractLifeCycle.start(AbstractLifeCycle.java:50)
	at org.mortbay.jetty.handler.HandlerWrapper.doStart(HandlerWrapper.java:130)
	at org.mortbay.jetty.Server.doStart(Server.java:224)
	at org.mortbay.component.AbstractLifeCycle.start(AbstractLifeCycle.java:50)
	at runjettyrun.Bootstrap.main(Bootstrap.java:97)
Caused by: org.xml.sax.SAXParseException; lineNumber: 59; columnNumber: 10; cvc-complex-type.2.4.a: Invalid content was found starting with element 'filter'. One of '{"http://www.springframework.org/schema/beans":import, "http://www.springframework.org/schema/beans":alias, "http://www.springframework.org/schema/beans":bean, WC[##other:"http://www.springframework.org/schema/beans"], "http://www.springframework.org/schema/beans":beans}' is expected.
	at com.sun.org.apache.xerces.internal.util.ErrorHandlerWrapper.createSAXParseException(ErrorHandlerWrapper.java:198)
	at com.sun.org.apache.xerces.internal.util.ErrorHandlerWrapper.error(ErrorHandlerWrapper.java:134)
	at com.sun.org.apache.xerces.internal.impl.XMLErrorReporter.reportError(XMLErrorReporter.java:437)
	at com.sun.org.apache.xerces.internal.impl.XMLErrorReporter.reportError(XMLErrorReporter.java:368)
	at com.sun.org.apache.xerces.internal.impl.XMLErrorReporter.reportError(XMLErrorReporter.java:325)
	at com.sun.org.apache.xerces.internal.impl.xs.XMLSchemaValidator$XSIErrorReporter.reportError(XMLSchemaValidator.java:458)
	at com.sun.org.apache.xerces.internal.impl.xs.XMLSchemaValidator.reportSchemaError(XMLSchemaValidator.java:3237)
	at com.sun.org.apache.xerces.internal.impl.xs.XMLSchemaValidator.handleStartElement(XMLSchemaValidator.java:1796)
	at com.sun.org.apache.xerces.internal.impl.xs.XMLSchemaValidator.startElement(XMLSchemaValidator.java:746)
	at com.sun.org.apache.xerces.internal.impl.XMLNSDocumentScannerImpl.scanStartElement(XMLNSDocumentScannerImpl.java:379)
	at com.sun.org.apache.xerces.internal.impl.XMLDocumentFragmentScannerImpl$FragmentContentDriver.next(XMLDocumentFragmentScannerImpl.java:2786)
	at com.sun.org.apache.xerces.internal.impl.XMLDocumentScannerImpl.next(XMLDocumentScannerImpl.java:606)
	at com.sun.org.apache.xerces.internal.impl.XMLNSDocumentScannerImpl.next(XMLNSDocumentScannerImpl.java:117)
	at com.sun.org.apache.xerces.internal.impl.XMLDocumentFragmentScannerImpl.scanDocument(XMLDocumentFragmentScannerImpl.java:510)
	at com.sun.org.apache.xerces.internal.parsers.XML11Configuration.parse(XML11Configuration.java:848)
	at com.sun.org.apache.xerces.internal.parsers.XML11Configuration.parse(XML11Configuration.java:777)
	at com.sun.org.apache.xerces.internal.parsers.XMLParser.parse(XMLParser.java:141)
	at com.sun.org.apache.xerces.internal.parsers.DOMParser.parse(DOMParser.java:243)
	at com.sun.org.apache.xerces.internal.jaxp.DocumentBuilderImpl.parse(DocumentBuilderImpl.java:347)
	at org.springframework.beans.factory.xml.DefaultDocumentLoader.loadDocument(DefaultDocumentLoader.java:76)
	at org.springframework.beans.factory.xml.XmlBeanDefinitionReader.doLoadDocument(XmlBeanDefinitionReader.java:428)
	at org.springframework.beans.factory.xml.XmlBeanDefinitionReader.doLoadBeanDefinitions(XmlBeanDefinitionReader.java:390)
	... 30 more
[INFO] [2016-09-18 19:14:36][org.springframework.web.context.ContextLoader]Root WebApplicationContext: initialization started
  [INFO] [2016-09-18 19:14:36][org.springframework.web.context.support.XmlWebApplicationContext]Refreshing Root WebApplicationContext: startup date [Sun Sep 18 19:14:36 CST 2016]; root of context hierarchy
  [INFO] [2016-09-18 19:14:36][org.springframework.beans.factory.xml.XmlBeanDefinitionReader]Loading XML bean definitions from class path resource [spring-mybatis.xml]
  [INFO] [2016-09-18 19:14:37][org.springframework.beans.factory.xml.XmlBeanDefinitionReader]Loading XML bean definitions from file [/home/serryu/git/mycloudregister/target/classes/consume/usermanage.xml]
  [INFO] [2016-09-18 19:14:37][org.springframework.beans.factory.xml.XmlBeanDefinitionReader]Loading XML bean definitions from file [/home/serryu/git/mycloudregister/target/classes/consume/classmanage.xml]
  [INFO] [2016-09-18 19:14:37][org.springframework.beans.factory.xml.XmlBeanDefinitionReader]Loading XML bean definitions from file [/home/serryu/git/mycloudregister/target/classes/consume/vmmanage.xml]
  [INFO] [2016-09-18 19:14:37][org.springframework.beans.factory.config.PropertyPlaceholderConfigurer]Loading properties file from class path resource [jdbc.properties]
  [INFO] [2016-09-18 19:14:37][org.springframework.beans.factory.config.PropertyPlaceholderConfigurer]Loading properties file from class path resource [remote_service_config.properties]
  [INFO] [2016-09-18 19:14:37][org.springframework.beans.factory.annotation.AutowiredAnnotationBeanPostProcessor]JSR-330 'javax.inject.Inject' annotation found and supported for autowiring
  [INFO] [2016-09-18 19:14:38][org.springframework.web.context.ContextLoader]Root WebApplicationContext: initialization completed in 1439 ms
  [INFO] [2016-09-18 19:14:38][org.springframework.web.servlet.DispatcherServlet]FrameworkServlet 'SpringMVC': initialization started
  [INFO] [2016-09-18 19:14:38][org.springframework.web.context.support.XmlWebApplicationContext]Refreshing WebApplicationContext for namespace 'SpringMVC-servlet': startup date [Sun Sep 18 19:14:38 CST 2016]; parent: Root WebApplicationContext
  [INFO] [2016-09-18 19:14:38][org.springframework.beans.factory.xml.XmlBeanDefinitionReader]Loading XML bean definitions from class path resource [spring-mvc.xml]
  [ERROR] [2016-09-18 19:14:38][org.springframework.web.servlet.DispatcherServlet]Context initialization failed
  org.springframework.beans.factory.xml.XmlBeanDefinitionStoreException: Line 59 in XML document from class path resource [spring-mvc.xml] is invalid; nested exception is org.xml.sax.SAXParseException; lineNumber: 59; columnNumber: 10; cvc-complex-type.2.4.a: Invalid content was found starting with element 'filter'. One of '{"http://www.springframework.org/schema/beans":import, "http://www.springframework.org/schema/beans":alias, "http://www.springframework.org/schema/beans":bean, WC[##other:"http://www.springframework.org/schema/beans"], "http://www.springframework.org/schema/beans":beans}' is expected.
	at org.springframework.beans.factory.xml.XmlBeanDefinitionReader.doLoadBeanDefinitions(XmlBeanDefinitionReader.java:398)
	at org.springframework.beans.factory.xml.XmlBeanDefinitionReader.loadBeanDefinitions(XmlBeanDefinitionReader.java:335)
	at org.springframework.beans.factory.xml.XmlBeanDefinitionReader.loadBeanDefinitions(XmlBeanDefinitionReader.java:303)
	at org.springframework.beans.factory.support.AbstractBeanDefinitionReader.loadBeanDefinitions(AbstractBeanDefinitionReader.java:180)
	at org.springframework.beans.factory.support.AbstractBeanDefinitionReader.loadBeanDefinitions(AbstractBeanDefinitionReader.java:216)
	at org.springframework.beans.factory.support.AbstractBeanDefinitionReader.loadBeanDefinitions(AbstractBeanDefinitionReader.java:187)
	at org.springframework.web.context.support.XmlWebApplicationContext.loadBeanDefinitions(XmlWebApplicationContext.java:125)
	at org.springframework.web.context.support.XmlWebApplicationContext.loadBeanDefinitions(XmlWebApplicationContext.java:94)
	at org.springframework.context.support.AbstractRefreshableApplicationContext.refreshBeanFactory(AbstractRefreshableApplicationContext.java:129)
	at org.springframework.context.support.AbstractApplicationContext.obtainFreshBeanFactory(AbstractApplicationContext.java:540)
	at org.springframework.context.support.AbstractApplicationContext.refresh(AbstractApplicationContext.java:454)
	at org.springframework.web.servlet.FrameworkServlet.configureAndRefreshWebApplicationContext(FrameworkServlet.java:658)
	at org.springframework.web.servlet.FrameworkServlet.createWebApplicationContext(FrameworkServlet.java:624)
	at org.springframework.web.servlet.FrameworkServlet.createWebApplicationContext(FrameworkServlet.java:672)
	at org.springframework.web.servlet.FrameworkServlet.initWebApplicationContext(FrameworkServlet.java:543)
	at org.springframework.web.servlet.FrameworkServlet.initServletBean(FrameworkServlet.java:484)
	at org.springframework.web.servlet.HttpServletBean.init(HttpServletBean.java:136)
	at javax.servlet.GenericServlet.init(GenericServlet.java:241)
	at org.mortbay.jetty.servlet.ServletHolder.initServlet(ServletHolder.java:440)
	at org.mortbay.jetty.servlet.ServletHolder.doStart(ServletHolder.java:263)
	at org.mortbay.component.AbstractLifeCycle.start(AbstractLifeCycle.java:50)
	at org.mortbay.jetty.servlet.ServletHandler.initialize(ServletHandler.java:736)
	at org.mortbay.jetty.servlet.Context.startContext(Context.java:140)
	at org.mortbay.jetty.webapp.WebAppContext.startContext(WebAppContext.java:1282)
	at org.mortbay.jetty.handler.ContextHandler.doStart(ContextHandler.java:518)
	at org.mortbay.jetty.webapp.WebAppContext.doStart(WebAppContext.java:499)
	at org.mortbay.component.AbstractLifeCycle.start(AbstractLifeCycle.java:50)
	at org.mortbay.jetty.handler.HandlerWrapper.doStart(HandlerWrapper.java:130)
	at org.mortbay.jetty.Server.doStart(Server.java:224)
	at org.mortbay.component.AbstractLifeCycle.start(AbstractLifeCycle.java:50)
	at runjettyrun.Bootstrap.main(Bootstrap.java:97)
Caused by: org.xml.sax.SAXParseException; lineNumber: 59; columnNumber: 10; cvc-complex-type.2.4.a: Invalid content was found starting with element 'filter'. One of '{"http://www.springframework.org/schema/beans":import, "http://www.springframework.org/schema/beans":alias, "http://www.springframework.org/schema/beans":bean, WC[##other:"http://www.springframework.org/schema/beans"], "http://www.springframework.org/schema/beans":beans}' is expected.
	at com.sun.org.apache.xerces.internal.util.ErrorHandlerWrapper.createSAXParseException(ErrorHandlerWrapper.java:198)
	at com.sun.org.apache.xerces.internal.util.ErrorHandlerWrapper.error(ErrorHandlerWrapper.java:134)
	at com.sun.org.apache.xerces.internal.impl.XMLErrorReporter.reportError(XMLErrorReporter.java:437)
	at com.sun.org.apache.xerces.internal.impl.XMLErrorReporter.reportError(XMLErrorReporter.java:368)
	at com.sun.org.apache.xerces.internal.impl.XMLErrorReporter.reportError(XMLErrorReporter.java:325)
	at com.sun.org.apache.xerces.internal.impl.xs.XMLSchemaValidator$XSIErrorReporter.reportError(XMLSchemaValidator.java:458)
	at com.sun.org.apache.xerces.internal.impl.xs.XMLSchemaValidator.reportSchemaError(XMLSchemaValidator.java:3237)
	at com.sun.org.apache.xerces.internal.impl.xs.XMLSchemaValidator.handleStartElement(XMLSchemaValidator.java:1796)
	at com.sun.org.apache.xerces.internal.impl.xs.XMLSchemaValidator.startElement(XMLSchemaValidator.java:746)
	at com.sun.org.apache.xerces.internal.impl.XMLNSDocumentScannerImpl.scanStartElement(XMLNSDocumentScannerImpl.java:379)
	at com.sun.org.apache.xerces.internal.impl.XMLDocumentFragmentScannerImpl$FragmentContentDriver.next(XMLDocumentFragmentScannerImpl.java:2786)
	at com.sun.org.apache.xerces.internal.impl.XMLDocumentScannerImpl.next(XMLDocumentScannerImpl.java:606)
	at com.sun.org.apache.xerces.internal.impl.XMLNSDocumentScannerImpl.next(XMLNSDocumentScannerImpl.java:117)
	at com.sun.org.apache.xerces.internal.impl.XMLDocumentFragmentScannerImpl.scanDocument(XMLDocumentFragmentScannerImpl.java:510)
	at com.sun.org.apache.xerces.internal.parsers.XML11Configuration.parse(XML11Configuration.java:848)
	at com.sun.org.apache.xerces.internal.parsers.XML11Configuration.parse(XML11Configuration.java:777)
	at com.sun.org.apache.xerces.internal.parsers.XMLParser.parse(XMLParser.java:141)
	at com.sun.org.apache.xerces.internal.parsers.DOMParser.parse(DOMParser.java:243)
	at com.sun.org.apache.xerces.internal.jaxp.DocumentBuilderImpl.parse(DocumentBuilderImpl.java:347)
	at org.springframework.beans.factory.xml.DefaultDocumentLoader.loadDocument(DefaultDocumentLoader.java:76)
	at org.springframework.beans.factory.xml.XmlBeanDefinitionReader.doLoadDocument(XmlBeanDefinitionReader.java:428)
	at org.springframework.beans.factory.xml.XmlBeanDefinitionReader.doLoadBeanDefinitions(XmlBeanDefinitionReader.java:390)
	... 30 more
[INFO] [2016-09-18 19:15:38][org.springframework.web.context.ContextLoader]Root WebApplicationContext: initialization started
  [INFO] [2016-09-18 19:15:39][org.springframework.web.context.support.XmlWebApplicationContext]Refreshing Root WebApplicationContext: startup date [Sun Sep 18 19:15:39 CST 2016]; root of context hierarchy
  [INFO] [2016-09-18 19:15:39][org.springframework.beans.factory.xml.XmlBeanDefinitionReader]Loading XML bean definitions from class path resource [spring-mybatis.xml]
  [INFO] [2016-09-18 19:15:39][org.springframework.beans.factory.xml.XmlBeanDefinitionReader]Loading XML bean definitions from file [/home/serryu/git/mycloudregister/target/classes/consume/usermanage.xml]
  [INFO] [2016-09-18 19:15:39][org.springframework.beans.factory.xml.XmlBeanDefinitionReader]Loading XML bean definitions from file [/home/serryu/git/mycloudregister/target/classes/consume/classmanage.xml]
  [INFO] [2016-09-18 19:15:39][org.springframework.beans.factory.xml.XmlBeanDefinitionReader]Loading XML bean definitions from file [/home/serryu/git/mycloudregister/target/classes/consume/vmmanage.xml]
  [INFO] [2016-09-18 19:15:39][org.springframework.beans.factory.config.PropertyPlaceholderConfigurer]Loading properties file from class path resource [jdbc.properties]
  [INFO] [2016-09-18 19:15:39][org.springframework.beans.factory.config.PropertyPlaceholderConfigurer]Loading properties file from class path resource [remote_service_config.properties]
  [INFO] [2016-09-18 19:15:39][org.springframework.beans.factory.annotation.AutowiredAnnotationBeanPostProcessor]JSR-330 'javax.inject.Inject' annotation found and supported for autowiring
  [INFO] [2016-09-18 19:15:40][org.springframework.web.context.ContextLoader]Root WebApplicationContext: initialization completed in 1449 ms
  [INFO] [2016-09-18 19:15:40][org.springframework.web.servlet.DispatcherServlet]FrameworkServlet 'SpringMVC': initialization started
  [INFO] [2016-09-18 19:15:40][org.springframework.web.context.support.XmlWebApplicationContext]Refreshing WebApplicationContext for namespace 'SpringMVC-servlet': startup date [Sun Sep 18 19:15:40 CST 2016]; parent: Root WebApplicationContext
  [INFO] [2016-09-18 19:15:40][org.springframework.beans.factory.xml.XmlBeanDefinitionReader]Loading XML bean definitions from class path resource [spring-mvc.xml]
  [INFO] [2016-09-18 19:15:40][org.springframework.beans.factory.annotation.AutowiredAnnotationBeanPostProcessor]JSR-330 'javax.inject.Inject' annotation found and supported for autowiring
  [INFO] [2016-09-18 19:15:41][org.springframework.web.servlet.view.velocity.VelocityConfigurer]ClasspathResourceLoader with name 'springMacro' added to configured VelocityEngine
  [INFO] [2016-09-18 19:15:41][org.springframework.web.servlet.mvc.annotation.DefaultAnnotationHandlerMapping]Mapped URL path [/register] onto handler 'registerUserController'
  [INFO] [2016-09-18 19:15:41][org.springframework.web.servlet.mvc.annotation.DefaultAnnotationHandlerMapping]Mapped URL path [/register.*] onto handler 'registerUserController'
  [INFO] [2016-09-18 19:15:41][org.springframework.web.servlet.mvc.annotation.DefaultAnnotationHandlerMapping]Mapped URL path [/register/] onto handler 'registerUserController'
  [INFO] [2016-09-18 19:15:41][org.springframework.web.servlet.DispatcherServlet]FrameworkServlet 'SpringMVC': initialization completed in 960 ms
  [WARN] [2016-09-18 19:16:17][org.dlut.mycloudregister.biz.UserBiz]调用userManageService.getUserByAccount()出错
  [INFO] [2016-09-18 19:16:18][org.springframework.beans.factory.xml.XmlBeanDefinitionReader]Loading XML bean definitions from class path resource [org/springframework/jdbc/support/sql-error-codes.xml]
  [INFO] [2016-09-18 19:16:18][org.springframework.jdbc.support.SQLErrorCodesFactory]SQLErrorCodes loaded: [DB2, Derby, H2, HSQL, Informix, MS-SQL, MySQL, Oracle, PostgreSQL, Sybase]
  [WARN] [2016-09-18 19:36:27][org.dlut.mycloudregister.biz.UserBiz]调用userManageService.getUserByAccount()出错
  [INFO] [2016-09-18 19:36:27][org.dlut.mycloudregister.controller.RegisterUserController]创建学生用户張三張三成功
  [INFO] [2016-09-18 19:36:27][org.dlut.mycloudregister.controller.RegisterUserController]添加学生張三--張三到课程《register》成功
  [INFO] [2016-09-18 19:55:52][org.springframework.web.context.ContextLoader]Root WebApplicationContext: initialization started
  [INFO] [2016-09-18 19:55:52][org.springframework.web.context.support.XmlWebApplicationContext]Refreshing Root WebApplicationContext: startup date [Sun Sep 18 19:55:52 CST 2016]; root of context hierarchy
  [INFO] [2016-09-18 19:55:52][org.springframework.beans.factory.xml.XmlBeanDefinitionReader]Loading XML bean definitions from class path resource [spring-mybatis.xml]
  [INFO] [2016-09-18 19:55:53][org.springframework.beans.factory.xml.XmlBeanDefinitionReader]Loading XML bean definitions from file [/home/serryu/git/mycloudregister/target/classes/consume/usermanage.xml]
  [INFO] [2016-09-18 19:55:53][org.springframework.beans.factory.xml.XmlBeanDefinitionReader]Loading XML bean definitions from file [/home/serryu/git/mycloudregister/target/classes/consume/classmanage.xml]
  [INFO] [2016-09-18 19:55:53][org.springframework.beans.factory.xml.XmlBeanDefinitionReader]Loading XML bean definitions from file [/home/serryu/git/mycloudregister/target/classes/consume/vmmanage.xml]
  [INFO] [2016-09-18 19:55:53][org.springframework.beans.factory.config.PropertyPlaceholderConfigurer]Loading properties file from class path resource [jdbc.properties]
  [INFO] [2016-09-18 19:55:53][org.springframework.beans.factory.config.PropertyPlaceholderConfigurer]Loading properties file from class path resource [remote_service_config.properties]
  [INFO] [2016-09-18 19:55:53][org.springframework.beans.factory.annotation.AutowiredAnnotationBeanPostProcessor]JSR-330 'javax.inject.Inject' annotation found and supported for autowiring
  [INFO] [2016-09-18 19:55:54][org.springframework.web.context.ContextLoader]Root WebApplicationContext: initialization completed in 1519 ms
  [INFO] [2016-09-18 19:55:54][org.springframework.web.servlet.DispatcherServlet]FrameworkServlet 'SpringMVC': initialization started
  [INFO] [2016-09-18 19:55:54][org.springframework.web.context.support.XmlWebApplicationContext]Refreshing WebApplicationContext for namespace 'SpringMVC-servlet': startup date [Sun Sep 18 19:55:54 CST 2016]; parent: Root WebApplicationContext
  [INFO] [2016-09-18 19:55:54][org.springframework.beans.factory.xml.XmlBeanDefinitionReader]Loading XML bean definitions from class path resource [spring-mvc.xml]
  [INFO] [2016-09-18 19:55:54][org.springframework.beans.factory.annotation.AutowiredAnnotationBeanPostProcessor]JSR-330 'javax.inject.Inject' annotation found and supported for autowiring
  [INFO] [2016-09-18 19:55:54][org.springframework.web.servlet.view.velocity.VelocityConfigurer]ClasspathResourceLoader with name 'springMacro' added to configured VelocityEngine
  [INFO] [2016-09-18 19:55:55][org.springframework.web.servlet.mvc.annotation.DefaultAnnotationHandlerMapping]Mapped URL path [/register] onto handler 'registerUserController'
  [INFO] [2016-09-18 19:55:55][org.springframework.web.servlet.mvc.annotation.DefaultAnnotationHandlerMapping]Mapped URL path [/register.*] onto handler 'registerUserController'
  [INFO] [2016-09-18 19:55:55][org.springframework.web.servlet.mvc.annotation.DefaultAnnotationHandlerMapping]Mapped URL path [/register/] onto handler 'registerUserController'
  [INFO] [2016-09-18 19:55:55][org.springframework.web.servlet.DispatcherServlet]FrameworkServlet 'SpringMVC': initialization completed in 941 ms
  [WARN] [2016-09-18 19:57:35][org.dlut.mycloudregister.biz.UserBiz]调用userManageService.getUserByAccount()出错
  [INFO] [2016-09-18 19:57:35][org.dlut.mycloudregister.controller.RegisterUserController]创建学生用户張三1張三成功
  [INFO] [2016-09-18 19:57:35][org.dlut.mycloudregister.controller.RegisterUserController]添加学生張三1--張三到课程《register》成功
  