[INFO] [2016-09-16 17:47:47][org.springframework.web.context.ContextLoader]Root WebApplicationContext: initialization started
  [INFO] [2016-09-16 17:47:47][org.springframework.web.context.support.XmlWebApplicationContext]Refreshing Root WebApplicationContext: startup date [Fri Sep 16 17:47:47 CST 2016]; root of context hierarchy
  [INFO] [2016-09-16 17:47:47][org.springframework.beans.factory.xml.XmlBeanDefinitionReader]Loading XML bean definitions from class path resource [spring-mybatis.xml]
  [INFO] [2016-09-16 17:47:48][org.springframework.context.annotation.ClassPathBeanDefinitionScanner]JSR-250 'javax.annotation.ManagedBean' found and supported for component scanning
  [INFO] [2016-09-16 17:47:48][org.springframework.context.annotation.ClassPathBeanDefinitionScanner]JSR-330 'javax.inject.Named' annotation found and supported for component scanning
  [INFO] [2016-09-16 17:47:48][org.springframework.context.annotation.ClassPathBeanDefinitionScanner]JSR-250 'javax.annotation.ManagedBean' found and supported for component scanning
  [INFO] [2016-09-16 17:47:48][org.springframework.context.annotation.ClassPathBeanDefinitionScanner]JSR-330 'javax.inject.Named' annotation found and supported for component scanning
  [INFO] [2016-09-16 17:47:48][org.springframework.beans.factory.xml.XmlBeanDefinitionReader]Loading XML bean definitions from file [/home/serryu/workspace/mycloudregister/target/classes/consume/usermanage.xml]
  [INFO] [2016-09-16 17:47:48][org.springframework.beans.factory.xml.XmlBeanDefinitionReader]Loading XML bean definitions from file [/home/serryu/workspace/mycloudregister/target/classes/consume/classmanage.xml]
  [INFO] [2016-09-16 17:47:48][org.springframework.beans.factory.xml.XmlBeanDefinitionReader]Loading XML bean definitions from file [/home/serryu/workspace/mycloudregister/target/classes/consume/vmmanage.xml]
  [INFO] [2016-09-16 17:47:48][org.springframework.beans.factory.config.PropertyPlaceholderConfigurer]Loading properties file from class path resource [jdbc.properties]
  [INFO] [2016-09-16 17:47:48][org.springframework.beans.factory.config.PropertyPlaceholderConfigurer]Loading properties file from class path resource [remote_service_config.properties]
  [INFO] [2016-09-16 17:47:48][org.springframework.beans.factory.annotation.AutowiredAnnotationBeanPostProcessor]JSR-330 'javax.inject.Inject' annotation found and supported for autowiring
  [INFO] [2016-09-16 17:47:48][org.springframework.beans.factory.support.DefaultListableBeanFactory]Pre-instantiating singletons in org.springframework.beans.factory.support.DefaultListableBeanFactory@18019c40: defining beans [org.springframework.context.annotation.internalConfigurationAnnotationProcessor,org.springframework.context.annotation.internalAutowiredAnnotationProcessor,org.springframework.context.annotation.internalRequiredAnnotationProcessor,org.springframework.context.annotation.internalCommonAnnotationProcessor,registerUserController,registerUserService,propertyConfigurer,dataSource,sqlSessionFactory,org.mybatis.spring.mapper.MapperScannerConfigurer#0,transactionManager,userManageService,classManageService,vmManageService,org.springframework.context.annotation.ConfigurationClassPostProcessor.importAwareProcessor,registerUserMapper]; root of factory hierarchy
  [INFO] [2016-09-16 17:47:49][org.springframework.web.context.ContextLoader]Root WebApplicationContext: initialization completed in 1405 ms
  [INFO] [2016-09-16 17:47:49][org.springframework.web.servlet.DispatcherServlet]FrameworkServlet 'SpringMVC': initialization started
  [INFO] [2016-09-16 17:47:49][org.springframework.web.context.support.XmlWebApplicationContext]Refreshing WebApplicationContext for namespace 'SpringMVC-servlet': startup date [Fri Sep 16 17:47:49 CST 2016]; parent: Root WebApplicationContext
  [INFO] [2016-09-16 17:47:49][org.springframework.beans.factory.xml.XmlBeanDefinitionReader]Loading XML bean definitions from class path resource [spring-mvc.xml]
  [INFO] [2016-09-16 17:47:49][org.springframework.context.annotation.ClassPathBeanDefinitionScanner]JSR-250 'javax.annotation.ManagedBean' found and supported for component scanning
  [INFO] [2016-09-16 17:47:49][org.springframework.context.annotation.ClassPathBeanDefinitionScanner]JSR-330 'javax.inject.Named' annotation found and supported for component scanning
  [INFO] [2016-09-16 17:47:49][org.springframework.beans.factory.annotation.AutowiredAnnotationBeanPostProcessor]JSR-330 'javax.inject.Inject' annotation found and supported for autowiring
  [INFO] [2016-09-16 17:47:49][org.springframework.beans.factory.support.DefaultListableBeanFactory]Pre-instantiating singletons in org.springframework.beans.factory.support.DefaultListableBeanFactory@4c12f18a: defining beans [registerUserController,registerUserService,org.springframework.context.annotation.internalConfigurationAnnotationProcessor,org.springframework.context.annotation.internalAutowiredAnnotationProcessor,org.springframework.context.annotation.internalRequiredAnnotationProcessor,org.springframework.context.annotation.internalCommonAnnotationProcessor,mappingJacksonHttpMessageConverter,org.springframework.web.servlet.mvc.annotation.AnnotationMethodHandlerAdapter#0,multipartResolver,org.springframework.context.annotation.ConfigurationClassPostProcessor.importAwareProcessor]; parent: org.springframework.beans.factory.support.DefaultListableBeanFactory@18019c40
  [INFO] [2016-09-16 17:47:49][org.springframework.web.servlet.mvc.annotation.DefaultAnnotationHandlerMapping]Mapped URL path [//register.do] onto handler 'registerUserController'
  [INFO] [2016-09-16 17:47:49][org.springframework.web.servlet.mvc.annotation.DefaultAnnotationHandlerMapping]Mapped URL path [//register] onto handler 'registerUserController'
  [INFO] [2016-09-16 17:47:49][org.springframework.web.servlet.mvc.annotation.DefaultAnnotationHandlerMapping]Mapped URL path [//register.*] onto handler 'registerUserController'
  [INFO] [2016-09-16 17:47:49][org.springframework.web.servlet.mvc.annotation.DefaultAnnotationHandlerMapping]Mapped URL path [//register/] onto handler 'registerUserController'
  [INFO] [2016-09-16 17:47:49][org.springframework.web.servlet.DispatcherServlet]FrameworkServlet 'SpringMVC': initialization completed in 784 ms
  [INFO] [2016-09-16 17:48:20][org.dlut.mycloudregister.controller.RegisterUserController]创建学生用户--成功
  